<?xml version="1.0" encoding="UTF-8"?>
<!-- Generated by org.testng.reporters.JUnitReportReporter -->
<testsuite hostname="ISDEVQA2" name="com.zakir.java.Class2" tests="1" failures="0" timestamp="5 Jun 2013 21:10:31 GMT" time="0.001" errors="0">
  <testcase name="fClass2" time="0.001" classname="com.zakir.java.Class2"/>
</testsuite> <!-- com.zakir.java.Class2 -->
