<?xml version="1.0" encoding="UTF-8"?>
<!-- Generated by org.testng.reporters.JUnitReportReporter -->
<testsuite hostname="ISDEVQA2" name="example1.SimpleTest" tests="2" failures="0" timestamp="19 Jun 2013 23:51:12 GMT" time="0.026" errors="0">
  <testcase name="aFastTest" time="0.024" classname="example1.SimpleTest"/>
  <testcase name="aSlowTest" time="0.002" classname="example1.SimpleTest"/>
</testsuite> <!-- example1.SimpleTest -->
