<?xml version="1.0" encoding="UTF-8"?>
<!-- Generated by org.testng.reporters.JUnitReportReporter -->
<testsuite hostname="ISDEVQA2" name="com.zakir.java.TestTESTNG" tests="1" failures="0" timestamp="31 Jul 2013 23:38:07 GMT" time="4.490" errors="0">
  <testcase name="f" time="4.490" classname="com.zakir.java.TestTESTNG"/>
</testsuite> <!-- com.zakir.java.TestTESTNG -->
