<?xml version="1.0" encoding="UTF-8"?>
<!-- Generated by org.testng.reporters.JUnitReportReporter -->
<testsuite hostname="ISDEVQA2" name="com.zakir.java.Class3" tests="1" failures="0" timestamp="21 Jun 2013 22:04:14 GMT" time="0.007" errors="0">
  <testcase name="fClass3" time="0.007" classname="com.zakir.java.Class3"/>
</testsuite> <!-- com.zakir.java.Class3 -->
