<?xml version="1.0" encoding="UTF-8"?>
<!-- Generated by org.testng.reporters.JUnitReportReporter -->
<testsuite hostname="ISDEVQA2" name="CodingTest.BrianAssignment" tests="2" failures="0" timestamp="25 Apr 2014 16:37:09 GMT" time="71.654" errors="0">
  <testcase name="SplitAndSortListInAscendingOrder" time="41.179" classname="CodingTest.BrianAssignment"/>
  <testcase name="getWordsWithCounts" time="30.475" classname="CodingTest.BrianAssignment"/>
</testsuite> <!-- CodingTest.BrianAssignment -->
