<?xml version="1.0" encoding="UTF-8"?>
<!-- Generated by org.testng.reporters.JUnitReportReporter -->
<testsuite hostname="ISDEVQA2" name="CodingTest.BrianAssignment" tests="1" failures="0" timestamp="28 Apr 2014 22:26:59 GMT" time="0.015" errors="0">
  <testcase name="mainRun" time="0.015" classname="CodingTest.BrianAssignment"/>
</testsuite> <!-- CodingTest.BrianAssignment -->
